0 info it worked if it ends with ok
1 verbose cli [ '/usr/local/bin/node', '/usr/local/bin/npm', 'start' ]
2 info using npm@3.10.3
3 info using node@v6.4.0
4 verbose run-script [ 'prestart', 'start', 'poststart' ]
5 info lifecycle @lumeer/web-ui@1.0.0~prestart: @lumeer/web-ui@1.0.0
6 silly lifecycle @lumeer/web-ui@1.0.0~prestart: no script for prestart, continuing
7 info lifecycle @lumeer/web-ui@1.0.0~start: @lumeer/web-ui@1.0.0
8 verbose lifecycle @lumeer/web-ui@1.0.0~start: unsafe-perm in lifecycle true
9 verbose lifecycle @lumeer/web-ui@1.0.0~start: PATH: /usr/local/lib/node_modules/npm/bin/node-gyp-bin:/home/karel/Documents/git/lumeer/web-ui/node_modules/.bin:/usr/local/bin:/usr/lib64/qt-3.3/bin:/home/karel/.rvm/gems/ruby-2.3.1/bin:/home/karel/.rvm/gems/ruby-2.3.1@global/bin:/home/karel/.rvm/rubies/ruby-2.3.1/bin:/usr/local/bin:/usr/local/sbin:/usr/bin:/usr/sbin:/home/karel/.rvm/bin:/home/karel/.rvm/bin:/home/karel/.rvm/bin:/home/karel/.rvm/bin:/home/karel/.rvm/bin:/home/karel/.rvm/bin:/home/karel/.rvm/bin:/home/karel/.rvm/bin:/home/karel/.local/bin:/home/karel/bin:/home/karel/.rvm/bin:/home/karel/.rvm/bin:/home/karel/.rvm/bin:/home/karel/.rvm/bin:/home/karel/.rvm/bin:/home/karel/.rvm/bin:/home/karel/.rvm/bin:/home/karel/.rvm/bin
10 verbose lifecycle @lumeer/web-ui@1.0.0~start: CWD: /home/karel/Documents/git/lumeer/web-ui
11 silly lifecycle @lumeer/web-ui@1.0.0~start: Args: [ '-c',
11 silly lifecycle   'webpack-dev-server --hot --inline --port 7000 --content-base dist/' ]
12 silly lifecycle @lumeer/web-ui@1.0.0~start: Returned: code: 1  signal: null
13 info lifecycle @lumeer/web-ui@1.0.0~start: Failed to exec start script
14 verbose stack Error: @lumeer/web-ui@1.0.0 start: `webpack-dev-server --hot --inline --port 7000 --content-base dist/`
14 verbose stack Exit status 1
14 verbose stack     at EventEmitter.<anonymous> (/usr/local/lib/node_modules/npm/lib/utils/lifecycle.js:242:16)
14 verbose stack     at emitTwo (events.js:106:13)
14 verbose stack     at EventEmitter.emit (events.js:191:7)
14 verbose stack     at ChildProcess.<anonymous> (/usr/local/lib/node_modules/npm/lib/utils/spawn.js:40:14)
14 verbose stack     at emitTwo (events.js:106:13)
14 verbose stack     at ChildProcess.emit (events.js:191:7)
14 verbose stack     at maybeClose (internal/child_process.js:852:16)
14 verbose stack     at Process.ChildProcess._handle.onexit (internal/child_process.js:215:5)
15 verbose pkgid @lumeer/web-ui@1.0.0
16 verbose cwd /home/karel/Documents/git/lumeer/web-ui
17 error Linux 4.7.7-200.fc24.x86_64
18 error argv "/usr/local/bin/node" "/usr/local/bin/npm" "start"
19 error node v6.4.0
20 error npm  v3.10.3
21 error code ELIFECYCLE
22 error @lumeer/web-ui@1.0.0 start: `webpack-dev-server --hot --inline --port 7000 --content-base dist/`
22 error Exit status 1
23 error Failed at the @lumeer/web-ui@1.0.0 start script 'webpack-dev-server --hot --inline --port 7000 --content-base dist/'.
23 error Make sure you have the latest version of node.js and npm installed.
23 error If you do, this is most likely a problem with the @lumeer/web-ui package,
23 error not with npm itself.
23 error Tell the author that this fails on your system:
23 error     webpack-dev-server --hot --inline --port 7000 --content-base dist/
23 error You can get information on how to open an issue for this project with:
23 error     npm bugs @lumeer/web-ui
23 error Or if that isn't available, you can get their info via:
23 error     npm owner ls @lumeer/web-ui
23 error There is likely additional logging output above.
24 verbose exit [ 1, true ]
